TN:
SF:src\services\slices\burgerConstructorSlice.ts
FN:18,setBun
FN:21,addIngredient
FN:24,removeIngredient
FN:29,removeBun
FN:32,resetConstructor
FN:36,moveIngredientUp
FN:46,moveIngredientDown
FNF:7
FNH:2
FNDA:0,setBun
FNDA:2,addIngredient
FNDA:0,removeIngredient
FNDA:0,removeBun
FNDA:0,resetConstructor
FNDA:0,moveIngredientUp
FNDA:1,moveIngredientDown
DA:1,1
DA:2,1
DA:3,1
DA:4,1
DA:5,1
DA:6,1
DA:7,1
DA:8,1
DA:9,1
DA:10,1
DA:11,1
DA:12,1
DA:13,1
DA:14,1
DA:15,1
DA:16,1
DA:17,1
DA:18,1
DA:19,0
DA:20,1
DA:21,1
DA:22,2
DA:23,1
DA:24,1
DA:25,0
DA:26,0
DA:27,0
DA:28,1
DA:29,1
DA:30,0
DA:31,1
DA:32,1
DA:33,0
DA:34,0
DA:35,1
DA:36,1
DA:37,0
DA:38,0
DA:39,0
DA:40,0
DA:41,0
DA:42,0
DA:43,0
DA:44,0
DA:45,1
DA:46,1
DA:47,1
DA:48,1
DA:49,1
DA:50,1
DA:51,1
DA:52,1
DA:53,1
DA:54,1
DA:55,1
DA:56,1
DA:57,1
DA:58,1
DA:59,1
DA:60,1
DA:61,1
DA:62,1
DA:63,1
DA:64,1
DA:65,1
DA:66,1
DA:67,1
DA:68,1
DA:69,1
LF:69
LH:54
BRDA:21,0,0,2
BRDA:46,1,0,1
BRDA:48,2,0,1
BRF:3
BRH:3
end_of_record
